{"D:\\projects\\nextjs\\app\\api\\[...path]\\route.js": {"path":"D:\\projects\\nextjs\\app\\api\\[...path]\\route.js","statementMap":{"0":{"start":{"line":153,"column":13},"end":{"line":153,"column":19}},"1":{"start":{"line":149,"column":13},"end":{"line":149,"column":16}},"2":{"start":{"line":154,"column":13},"end":{"line":154,"column":17}},"3":{"start":{"line":152,"column":13},"end":{"line":152,"column":18}},"4":{"start":{"line":150,"column":13},"end":{"line":150,"column":17}},"5":{"start":{"line":151,"column":13},"end":{"line":151,"column":16}},"6":{"start":{"line":41,"column":13},"end":{"line":41,"column":20}},"7":{"start":{"line":1,"column":29},"end":{"line":1,"column":null}},"8":{"start":{"line":2,"column":29},"end":{"line":2,"column":null}},"9":{"start":{"line":6,"column":7},"end":{"line":6,"column":null}},"10":{"start":{"line":41,"column":23},"end":{"line":41,"column":null}},"11":{"start":{"line":43,"column":36},"end":{"line":43,"column":null}},"12":{"start":{"line":46,"column":21},"end":{"line":46,"column":null}},"13":{"start":{"line":50,"column":15},"end":{"line":50,"column":null}},"14":{"start":{"line":51,"column":17},"end":{"line":51,"column":73}},"15":{"start":{"line":54,"column":25},"end":{"line":54,"column":null}},"16":{"start":{"line":57,"column":18},"end":{"line":57,"column":null}},"17":{"start":{"line":58,"column":2},"end":{"line":58,"column":null}},"18":{"start":{"line":59,"column":2},"end":{"line":59,"column":null}},"19":{"start":{"line":60,"column":2},"end":{"line":60,"column":null}},"20":{"start":{"line":64,"column":22},"end":{"line":64,"column":null}},"21":{"start":{"line":65,"column":2},"end":{"line":67,"column":null}},"22":{"start":{"line":66,"column":4},"end":{"line":66,"column":null}},"23":{"start":{"line":69,"column":15},"end":{"line":73,"column":null}},"24":{"start":{"line":76,"column":17},"end":{"line":76,"column":null}},"25":{"start":{"line":77,"column":2},"end":{"line":92,"column":null}},"26":{"start":{"line":81,"column":17},"end":{"line":81,"column":null}},"27":{"start":{"line":82,"column":4},"end":{"line":91,"column":null}},"28":{"start":{"line":83,"column":6},"end":{"line":83,"column":null}},"29":{"start":{"line":84,"column":6},"end":{"line":90,"column":null}},"30":{"start":{"line":85,"column":8},"end":{"line":89,"column":null}},"31":{"start":{"line":86,"column":10},"end":{"line":86,"column":null}},"32":{"start":{"line":95,"column":2},"end":{"line":102,"column":null}},"33":{"start":{"line":96,"column":4},"end":{"line":96,"column":null}},"34":{"start":{"line":98,"column":4},"end":{"line":100,"column":null}},"35":{"start":{"line":105,"column":26},"end":{"line":105,"column":null}},"36":{"start":{"line":106,"column":2},"end":{"line":106,"column":null}},"37":{"start":{"line":107,"column":2},"end":{"line":107,"column":null}},"38":{"start":{"line":108,"column":2},"end":{"line":108,"column":null}},"39":{"start":{"line":112,"column":2},"end":{"line":137,"column":null}},"40":{"start":{"line":113,"column":24},"end":{"line":113,"column":null}},"41":{"start":{"line":114,"column":4},"end":{"line":136,"column":null}},"42":{"start":{"line":116,"column":6},"end":{"line":120,"column":null}},"43":{"start":{"line":117,"column":8},"end":{"line":117,"column":null}},"44":{"start":{"line":119,"column":8},"end":{"line":119,"column":null}},"45":{"start":{"line":121,"column":6},"end":{"line":130,"column":null}},"46":{"start":{"line":122,"column":25},"end":{"line":122,"column":null}},"47":{"start":{"line":123,"column":8},"end":{"line":123,"column":null}},"48":{"start":{"line":123,"column":40},"end":{"line":123,"column":62}},"49":{"start":{"line":124,"column":20},"end":{"line":127,"column":null}},"50":{"start":{"line":128,"column":8},"end":{"line":128,"column":null}},"51":{"start":{"line":129,"column":8},"end":{"line":129,"column":null}},"52":{"start":{"line":132,"column":6},"end":{"line":135,"column":null}},"53":{"start":{"line":141,"column":23},"end":{"line":141,"column":null}},"54":{"start":{"line":143,"column":2},"end":{"line":146,"column":null}},"55":{"start":{"line":149,"column":19},"end":{"line":149,"column":null}},"56":{"start":{"line":150,"column":20},"end":{"line":150,"column":null}},"57":{"start":{"line":151,"column":19},"end":{"line":151,"column":null}},"58":{"start":{"line":152,"column":21},"end":{"line":152,"column":null}},"59":{"start":{"line":153,"column":22},"end":{"line":153,"column":null}},"60":{"start":{"line":154,"column":20},"end":{"line":154,"column":null}}},"fnMap":{"0":{"name":"proxy","decl":{"start":{"line":48,"column":15},"end":{"line":48,"column":21}},"loc":{"start":{"line":48,"column":24},"end":{"line":147,"column":null}}},"1":{"name":"(anonymous_9)","decl":{"start":{"line":123,"column":29},"end":{"line":123,"column":30}},"loc":{"start":{"line":123,"column":40},"end":{"line":123,"column":62}}}},"branchMap":{"0":{"loc":{"start":{"line":54,"column":25},"end":{"line":54,"column":null}},"type":"binary-expr","locations":[{"start":{"line":54,"column":25},"end":{"line":54,"column":50}},{"start":{"line":54,"column":50},"end":{"line":54,"column":null}}]},"1":{"loc":{"start":{"line":65,"column":2},"end":{"line":67,"column":null}},"type":"if","locations":[{"start":{"line":65,"column":2},"end":{"line":67,"column":null}},{"start":{},"end":{}}]},"2":{"loc":{"start":{"line":65,"column":6},"end":{"line":65,"column":52}},"type":"binary-expr","locations":[{"start":{"line":65,"column":6},"end":{"line":65,"column":21}},{"start":{"line":65,"column":21},"end":{"line":65,"column":52}}]},"3":{"loc":{"start":{"line":77,"column":2},"end":{"line":92,"column":null}},"type":"if","locations":[{"start":{"line":77,"column":2},"end":{"line":92,"column":null}},{"start":{},"end":{}}]},"4":{"loc":{"start":{"line":82,"column":4},"end":{"line":91,"column":null}},"type":"if","locations":[{"start":{"line":82,"column":4},"end":{"line":91,"column":null}},{"start":{},"end":{}}]},"5":{"loc":{"start":{"line":84,"column":6},"end":{"line":90,"column":null}},"type":"if","locations":[{"start":{"line":84,"column":6},"end":{"line":90,"column":null}},{"start":{},"end":{}}]},"6":{"loc":{"start":{"line":112,"column":2},"end":{"line":137,"column":null}},"type":"if","locations":[{"start":{"line":112,"column":2},"end":{"line":137,"column":null}},{"start":{},"end":{}}]},"7":{"loc":{"start":{"line":112,"column":6},"end":{"line":112,"column":35}},"type":"binary-expr","locations":[{"start":{"line":112,"column":6},"end":{"line":112,"column":24}},{"start":{"line":112,"column":24},"end":{"line":112,"column":35}}]},"8":{"loc":{"start":{"line":113,"column":24},"end":{"line":113,"column":null}},"type":"binary-expr","locations":[{"start":{"line":113,"column":24},"end":{"line":113,"column":64}},{"start":{"line":113,"column":64},"end":{"line":113,"column":null}}]},"9":{"loc":{"start":{"line":114,"column":4},"end":{"line":136,"column":null}},"type":"if","locations":[{"start":{"line":114,"column":4},"end":{"line":136,"column":null}},{"start":{},"end":{}}]},"10":{"loc":{"start":{"line":121,"column":6},"end":{"line":130,"column":null}},"type":"if","locations":[{"start":{"line":121,"column":6},"end":{"line":130,"column":null}},{"start":{},"end":{}}]},"11":{"loc":{"start":{"line":121,"column":10},"end":{"line":121,"column":37}},"type":"binary-expr","locations":[{"start":{"line":121,"column":10},"end":{"line":121,"column":21}},{"start":{"line":121,"column":21},"end":{"line":121,"column":37}}]},"12":{"loc":{"start":{"line":132,"column":31},"end":{"line":132,"column":46}},"type":"binary-expr","locations":[{"start":{"line":132,"column":31},"end":{"line":132,"column":42}},{"start":{"line":132,"column":42},"end":{"line":132,"column":46}}]}},"s":{"0":0,"1":5,"2":0,"3":0,"4":3,"5":0,"6":0,"7":1,"8":1,"9":1,"10":1,"11":1,"12":1,"13":8,"14":8,"15":8,"16":8,"17":8,"18":8,"19":8,"20":8,"21":8,"22":1,"23":8,"24":8,"25":8,"26":3,"27":3,"28":3,"29":3,"30":3,"31":3,"32":8,"33":8,"34":1,"35":7,"36":7,"37":7,"38":7,"39":7,"40":3,"41":3,"42":3,"43":3,"44":0,"45":3,"46":2,"47":2,"48":4,"49":2,"50":2,"51":2,"52":1,"53":4,"54":4,"55":1,"56":1,"57":1,"58":1,"59":1,"60":1},"f":{"0":8,"1":4},"b":{"0":[8,3],"1":[1,7],"2":[8,2],"3":[3,5],"4":[3,0],"5":[3,0],"6":[3,4],"7":[7,3],"8":[3,0],"9":[3,0],"10":[2,1],"11":[3,3],"12":[1,0]}}
,"D:\\projects\\nextjs\\app\\api\\session\\route.js": {"path":"D:\\projects\\nextjs\\app\\api\\session\\route.js","statementMap":{"0":{"start":{"line":37,"column":13},"end":{"line":37,"column":19}},"1":{"start":{"line":24,"column":22},"end":{"line":24,"column":25}},"2":{"start":{"line":38,"column":13},"end":{"line":38,"column":17}},"3":{"start":{"line":22,"column":13},"end":{"line":22,"column":20}},"4":{"start":{"line":1,"column":29},"end":{"line":1,"column":null}},"5":{"start":{"line":6,"column":7},"end":{"line":6,"column":null}},"6":{"start":{"line":22,"column":23},"end":{"line":22,"column":null}},"7":{"start":{"line":25,"column":2},"end":{"line":28,"column":null}},"8":{"start":{"line":32,"column":14},"end":{"line":32,"column":null}},"9":{"start":{"line":33,"column":2},"end":{"line":33,"column":null}},"10":{"start":{"line":34,"column":2},"end":{"line":34,"column":null}},"11":{"start":{"line":37,"column":22},"end":{"line":37,"column":null}},"12":{"start":{"line":38,"column":20},"end":{"line":38,"column":null}}},"fnMap":{"0":{"name":"GET","decl":{"start":{"line":24,"column":22},"end":{"line":24,"column":25}},"loc":{"start":{"line":24,"column":29},"end":{"line":29,"column":null}}},"1":{"name":"destroy","decl":{"start":{"line":31,"column":9},"end":{"line":31,"column":null}},"loc":{"start":{"line":31,"column":9},"end":{"line":35,"column":null}}}},"branchMap":{},"s":{"0":1,"1":2,"2":1,"3":0,"4":1,"5":1,"6":1,"7":2,"8":2,"9":2,"10":2,"11":1,"12":1},"f":{"0":2,"1":2},"b":{}}
,"D:\\projects\\nextjs\\lib\\api\\client.js": {"path":"D:\\projects\\nextjs\\lib\\api\\client.js","statementMap":{"0":{"start":{"line":17,"column":13},"end":{"line":17,"column":19}},"1":{"start":{"line":37,"column":0},"end":{"line":37,"column":15}},"2":{"start":{"line":1,"column":18},"end":{"line":1,"column":null}},"3":{"start":{"line":2,"column":53},"end":{"line":2,"column":null}},"4":{"start":{"line":3,"column":20},"end":{"line":3,"column":null}},"5":{"start":{"line":15,"column":16},"end":{"line":15,"column":67}},"6":{"start":{"line":17,"column":22},"end":{"line":22,"column":null}},"7":{"start":{"line":24,"column":0},"end":{"line":35,"column":null}},"8":{"start":{"line":25,"column":2},"end":{"line":25,"column":null}},"9":{"start":{"line":25,"column":37},"end":{"line":25,"column":null}},"10":{"start":{"line":30,"column":16},"end":{"line":30,"column":null}},"11":{"start":{"line":31,"column":2},"end":{"line":33,"column":null}},"12":{"start":{"line":32,"column":4},"end":{"line":32,"column":null}},"13":{"start":{"line":34,"column":2},"end":{"line":34,"column":null}},"14":{"start":{"line":37,"column":15},"end":{"line":37,"column":22}}},"fnMap":{"0":{"name":"(anonymous_4)","decl":{"start":{"line":24,"column":32},"end":{"line":24,"column":33}},"loc":{"start":{"line":24,"column":33},"end":{"line":35,"column":null}}}},"branchMap":{"0":{"loc":{"start":{"line":15,"column":16},"end":{"line":15,"column":67}},"type":"cond-expr","locations":[{"start":{"line":15,"column":40},"end":{"line":15,"column":54}},{"start":{"line":15,"column":57},"end":{"line":15,"column":67}}]},"1":{"loc":{"start":{"line":25,"column":2},"end":{"line":25,"column":null}},"type":"if","locations":[{"start":{"line":25,"column":2},"end":{"line":25,"column":null}},{"start":{},"end":{}}]},"2":{"loc":{"start":{"line":31,"column":2},"end":{"line":33,"column":null}},"type":"if","locations":[{"start":{"line":31,"column":2},"end":{"line":33,"column":null}},{"start":{},"end":{}}]}},"s":{"0":0,"1":5,"2":5,"3":5,"4":5,"5":5,"6":5,"7":5,"8":3,"9":0,"10":3,"11":3,"12":1,"13":3,"14":5},"f":{"0":3},"b":{"0":[2,3],"1":[0,3],"2":[1,2]}}
,"D:\\projects\\nextjs\\lib\\server\\session.js": {"path":"D:\\projects\\nextjs\\lib\\server\\session.js","statementMap":{"0":{"start":{"line":73,"column":16},"end":{"line":73,"column":35}},"1":{"start":{"line":97,"column":16},"end":{"line":97,"column":26}},"2":{"start":{"line":81,"column":16},"end":{"line":81,"column":32}},"3":{"start":{"line":86,"column":16},"end":{"line":86,"column":31}},"4":{"start":{"line":54,"column":16},"end":{"line":54,"column":35}},"5":{"start":{"line":25,"column":7},"end":{"line":25,"column":null}},"6":{"start":{"line":27,"column":15},"end":{"line":27,"column":null}},"7":{"start":{"line":31,"column":2},"end":{"line":36,"column":null}},"8":{"start":{"line":55,"column":2},"end":{"line":55,"column":null}},"9":{"start":{"line":55,"column":16},"end":{"line":55,"column":null}},"10":{"start":{"line":56,"column":17},"end":{"line":56,"column":null}},"11":{"start":{"line":57,"column":15},"end":{"line":57,"column":null}},"12":{"start":{"line":59,"column":2},"end":{"line":61,"column":null}},"13":{"start":{"line":60,"column":4},"end":{"line":60,"column":null}},"14":{"start":{"line":62,"column":2},"end":{"line":64,"column":null}},"15":{"start":{"line":63,"column":4},"end":{"line":63,"column":null}},"16":{"start":{"line":65,"column":15},"end":{"line":65,"column":null}},"17":{"start":{"line":66,"column":2},"end":{"line":68,"column":null}},"18":{"start":{"line":67,"column":4},"end":{"line":67,"column":null}},"19":{"start":{"line":69,"column":2},"end":{"line":69,"column":null}},"20":{"start":{"line":74,"column":2},"end":{"line":76,"column":null}},"21":{"start":{"line":75,"column":4},"end":{"line":75,"column":null}},"22":{"start":{"line":77,"column":2},"end":{"line":77,"column":null}},"23":{"start":{"line":82,"column":2},"end":{"line":82,"column":null}},"24":{"start":{"line":87,"column":14},"end":{"line":87,"column":null}},"25":{"start":{"line":88,"column":2},"end":{"line":88,"column":null}},"26":{"start":{"line":88,"column":12},"end":{"line":88,"column":null}},"27":{"start":{"line":89,"column":2},"end":{"line":93,"column":null}},"28":{"start":{"line":90,"column":4},"end":{"line":90,"column":null}},"29":{"start":{"line":92,"column":4},"end":{"line":92,"column":null}},"30":{"start":{"line":98,"column":2},"end":{"line":98,"column":null}}},"fnMap":{"0":{"name":"baseOptions","decl":{"start":{"line":30,"column":9},"end":{"line":30,"column":21}},"loc":{"start":{"line":30,"column":27},"end":{"line":37,"column":null}}},"1":{"name":"writeSessionCookies","decl":{"start":{"line":54,"column":16},"end":{"line":54,"column":35}},"loc":{"start":{"line":54,"column":90},"end":{"line":70,"column":null}}},"2":{"name":"clearSessionCookies","decl":{"start":{"line":73,"column":16},"end":{"line":73,"column":35}},"loc":{"start":{"line":73,"column":39},"end":{"line":78,"column":null}}},"3":{"name":"(anonymous_9)","decl":{"start":{"line":74,"column":56},"end":{"line":74,"column":57}},"loc":{"start":{"line":74,"column":57},"end":{"line":76,"column":null}}},"4":{"name":"readSessionToken","decl":{"start":{"line":81,"column":16},"end":{"line":81,"column":32}},"loc":{"start":{"line":81,"column":36},"end":{"line":83,"column":null}}},"5":{"name":"readSessionUser","decl":{"start":{"line":86,"column":16},"end":{"line":86,"column":31}},"loc":{"start":{"line":86,"column":35},"end":{"line":94,"column":null}}},"6":{"name":"hasSession","decl":{"start":{"line":97,"column":16},"end":{"line":97,"column":26}},"loc":{"start":{"line":97,"column":30},"end":{"line":99,"column":null}}}},"branchMap":{"0":{"loc":{"start":{"line":54,"column":50},"end":{"line":54,"column":90}},"type":"default-arg","locations":[{"start":{"line":54,"column":88},"end":{"line":54,"column":90}}]},"1":{"loc":{"start":{"line":54,"column":52},"end":{"line":54,"column":68}},"type":"default-arg","locations":[{"start":{"line":54,"column":63},"end":{"line":54,"column":68}}]},"2":{"loc":{"start":{"line":55,"column":2},"end":{"line":55,"column":null}},"type":"if","locations":[{"start":{"line":55,"column":2},"end":{"line":55,"column":null}},{"start":{},"end":{}}]},"3":{"loc":{"start":{"line":59,"column":2},"end":{"line":61,"column":null}},"type":"if","locations":[{"start":{"line":59,"column":2},"end":{"line":61,"column":null}},{"start":{},"end":{}}]},"4":{"loc":{"start":{"line":62,"column":2},"end":{"line":64,"column":null}},"type":"if","locations":[{"start":{"line":62,"column":2},"end":{"line":64,"column":null}},{"start":{},"end":{}}]},"5":{"loc":{"start":{"line":66,"column":2},"end":{"line":68,"column":null}},"type":"if","locations":[{"start":{"line":66,"column":2},"end":{"line":68,"column":null}},{"start":{},"end":{}}]},"6":{"loc":{"start":{"line":82,"column":9},"end":{"line":82,"column":null}},"type":"binary-expr","locations":[{"start":{"line":82,"column":9},"end":{"line":82,"column":51}},{"start":{"line":82,"column":51},"end":{"line":82,"column":null}}]},"7":{"loc":{"start":{"line":88,"column":2},"end":{"line":88,"column":null}},"type":"if","locations":[{"start":{"line":88,"column":2},"end":{"line":88,"column":null}},{"start":{},"end":{}}]}},"s":{"0":3,"1":4,"2":10,"3":6,"4":12,"5":4,"6":4,"7":11,"8":12,"9":1,"10":11,"11":11,"12":11,"13":11,"14":11,"15":9,"16":11,"17":11,"18":10,"19":11,"20":3,"21":9,"22":3,"23":14,"24":6,"25":6,"26":2,"27":4,"28":4,"29":2,"30":4},"f":{"0":11,"1":12,"2":3,"3":9,"4":14,"5":6,"6":4},"b":{"0":[7],"1":[8],"2":[1,11],"3":[11,0],"4":[9,2],"5":[10,1],"6":[14,9],"7":[2,4]}}
,"D:\\projects\\nextjs\\lib\\session\\SessionProvider.jsx": {"path":"D:\\projects\\nextjs\\lib\\session\\SessionProvider.jsx","statementMap":{"0":{"start":{"line":22,"column":16},"end":{"line":22,"column":31}},"1":{"start":{"line":58,"column":16},"end":{"line":58,"column":26}},"2":{"start":{"line":16,"column":76},"end":{"line":16,"column":null}},"3":{"start":{"line":17,"column":20},"end":{"line":17,"column":null}},"4":{"start":{"line":18,"column":36},"end":{"line":18,"column":null}},"5":{"start":{"line":20,"column":23},"end":{"line":20,"column":null}},"6":{"start":{"line":23,"column":33},"end":{"line":23,"column":null}},"7":{"start":{"line":25,"column":2},"end":{"line":31,"column":null}},"8":{"start":{"line":27,"column":24},"end":{"line":27,"column":null}},"9":{"start":{"line":29,"column":4},"end":{"line":29,"column":null}},"10":{"start":{"line":30,"column":4},"end":{"line":30,"column":null}},"11":{"start":{"line":33,"column":16},"end":{"line":35,"column":null}},"12":{"start":{"line":34,"column":4},"end":{"line":34,"column":null}},"13":{"start":{"line":37,"column":17},"end":{"line":39,"column":null}},"14":{"start":{"line":38,"column":4},"end":{"line":38,"column":null}},"15":{"start":{"line":41,"column":18},"end":{"line":41,"column":null}},"16":{"start":{"line":41,"column":36},"end":{"line":41,"column":59}},"17":{"start":{"line":43,"column":16},"end":{"line":53,"column":null}},"18":{"start":{"line":59,"column":14},"end":{"line":59,"column":null}},"19":{"start":{"line":60,"column":2},"end":{"line":62,"column":null}},"20":{"start":{"line":61,"column":4},"end":{"line":61,"column":null}},"21":{"start":{"line":63,"column":2},"end":{"line":63,"column":null}}},"fnMap":{"0":{"name":"SessionProvider","decl":{"start":{"line":22,"column":16},"end":{"line":22,"column":31}},"loc":{"start":{"line":22,"column":44},"end":{"line":56,"column":null}}},"1":{"name":"(anonymous_5)","decl":{"start":{"line":25,"column":12},"end":{"line":25,"column":null}},"loc":{"start":{"line":25,"column":12},"end":{"line":31,"column":5}}},"2":{"name":"(anonymous_6)","decl":{"start":{"line":33,"column":28},"end":{"line":33,"column":29}},"loc":{"start":{"line":33,"column":29},"end":{"line":35,"column":5}}},"3":{"name":"(anonymous_7)","decl":{"start":{"line":37,"column":29},"end":{"line":37,"column":null}},"loc":{"start":{"line":37,"column":29},"end":{"line":39,"column":5}}},"4":{"name":"(anonymous_8)","decl":{"start":{"line":41,"column":30},"end":{"line":41,"column":36}},"loc":{"start":{"line":41,"column":36},"end":{"line":41,"column":59}}},"5":{"name":"useSession","decl":{"start":{"line":58,"column":16},"end":{"line":58,"column":26}},"loc":{"start":{"line":58,"column":16},"end":{"line":64,"column":null}}}},"branchMap":{"0":{"loc":{"start":{"line":60,"column":2},"end":{"line":62,"column":null}},"type":"if","locations":[{"start":{"line":60,"column":2},"end":{"line":62,"column":null}},{"start":{},"end":{}}]}},"s":{"0":4,"1":15,"2":1,"3":1,"4":1,"5":1,"6":10,"7":10,"8":4,"9":4,"10":4,"11":10,"12":1,"13":10,"14":1,"15":10,"16":0,"17":10,"18":15,"19":14,"20":4,"21":10},"f":{"0":10,"1":4,"2":1,"3":1,"4":0,"5":15},"b":{"0":[4,10]}}
,"D:\\projects\\nextjs\\lib\\session\\client.js": {"path":"D:\\projects\\nextjs\\lib\\session\\client.js","statementMap":{"0":{"start":{"line":78,"column":16},"end":{"line":78,"column":21}},"1":{"start":{"line":63,"column":16},"end":{"line":63,"column":31}},"2":{"start":{"line":59,"column":16},"end":{"line":59,"column":24}},"3":{"start":{"line":67,"column":16},"end":{"line":67,"column":23}},"4":{"start":{"line":47,"column":16},"end":{"line":47,"column":25}},"5":{"start":{"line":54,"column":16},"end":{"line":54,"column":23}},"6":{"start":{"line":24,"column":7},"end":{"line":24,"column":null}},"7":{"start":{"line":26,"column":18},"end":{"line":26,"column":null}},"8":{"start":{"line":26,"column":24},"end":{"line":26,"column":null}},"9":{"start":{"line":29,"column":2},"end":{"line":29,"column":null}},"10":{"start":{"line":29,"column":20},"end":{"line":29,"column":null}},"11":{"start":{"line":30,"column":17},"end":{"line":30,"column":null}},"12":{"start":{"line":31,"column":2},"end":{"line":32,"column":null}},"13":{"start":{"line":36,"column":2},"end":{"line":36,"column":null}},"14":{"start":{"line":36,"column":20},"end":{"line":36,"column":null}},"15":{"start":{"line":37,"column":16},"end":{"line":37,"column":null}},"16":{"start":{"line":38,"column":2},"end":{"line":38,"column":null}},"17":{"start":{"line":42,"column":2},"end":{"line":42,"column":null}},"18":{"start":{"line":42,"column":20},"end":{"line":42,"column":null}},"19":{"start":{"line":43,"column":2},"end":{"line":43,"column":null}},"20":{"start":{"line":48,"column":17},"end":{"line":48,"column":null}},"21":{"start":{"line":49,"column":2},"end":{"line":49,"column":null}},"22":{"start":{"line":49,"column":13},"end":{"line":49,"column":null}},"23":{"start":{"line":50,"column":2},"end":{"line":50,"column":null}},"24":{"start":{"line":50,"column":20},"end":{"line":50,"column":null}},"25":{"start":{"line":55,"column":2},"end":{"line":55,"column":null}},"26":{"start":{"line":55,"column":13},"end":{"line":55,"column":null}},"27":{"start":{"line":56,"column":2},"end":{"line":56,"column":null}},"28":{"start":{"line":60,"column":2},"end":{"line":60,"column":null}},"29":{"start":{"line":64,"column":2},"end":{"line":64,"column":null}},"30":{"start":{"line":68,"column":14},"end":{"line":68,"column":null}},"31":{"start":{"line":69,"column":2},"end":{"line":69,"column":null}},"32":{"start":{"line":69,"column":12},"end":{"line":69,"column":null}},"33":{"start":{"line":70,"column":2},"end":{"line":74,"column":null}},"34":{"start":{"line":71,"column":4},"end":{"line":71,"column":null}},"35":{"start":{"line":73,"column":4},"end":{"line":73,"column":null}},"36":{"start":{"line":79,"column":2},"end":{"line":79,"column":null}},"37":{"start":{"line":80,"column":2},"end":{"line":82,"column":null}},"38":{"start":{"line":81,"column":4},"end":{"line":81,"column":null}},"39":{"start":{"line":81,"column":48},"end":{"line":81,"column":null}}},"fnMap":{"0":{"name":"(anonymous_7)","decl":{"start":{"line":26,"column":18},"end":{"line":26,"column":24}},"loc":{"start":{"line":26,"column":24},"end":{"line":26,"column":null}}},"1":{"name":"setCookie","decl":{"start":{"line":28,"column":9},"end":{"line":28,"column":19}},"loc":{"start":{"line":28,"column":38},"end":{"line":33,"column":null}}},"2":{"name":"getCookie","decl":{"start":{"line":35,"column":9},"end":{"line":35,"column":19}},"loc":{"start":{"line":35,"column":23},"end":{"line":39,"column":null}}},"3":{"name":"deleteCookie","decl":{"start":{"line":41,"column":9},"end":{"line":41,"column":22}},"loc":{"start":{"line":41,"column":26},"end":{"line":44,"column":null}}},"4":{"name":"setTokens","decl":{"start":{"line":47,"column":16},"end":{"line":47,"column":25}},"loc":{"start":{"line":47,"column":72},"end":{"line":51,"column":null}}},"5":{"name":"setUser","decl":{"start":{"line":54,"column":16},"end":{"line":54,"column":23}},"loc":{"start":{"line":54,"column":55},"end":{"line":57,"column":null}}},"6":{"name":"getToken","decl":{"start":{"line":59,"column":16},"end":{"line":59,"column":24}},"loc":{"start":{"line":59,"column":16},"end":{"line":61,"column":null}}},"7":{"name":"getRefreshToken","decl":{"start":{"line":63,"column":16},"end":{"line":63,"column":31}},"loc":{"start":{"line":63,"column":16},"end":{"line":65,"column":null}}},"8":{"name":"getUser","decl":{"start":{"line":67,"column":16},"end":{"line":67,"column":23}},"loc":{"start":{"line":67,"column":16},"end":{"line":75,"column":null}}},"9":{"name":"clear","decl":{"start":{"line":78,"column":16},"end":{"line":78,"column":21}},"loc":{"start":{"line":78,"column":16},"end":{"line":83,"column":null}}},"10":{"name":"(anonymous_17)","decl":{"start":{"line":81,"column":39},"end":{"line":81,"column":40}},"loc":{"start":{"line":81,"column":48},"end":{"line":81,"column":null}}}},"branchMap":{"0":{"loc":{"start":{"line":29,"column":2},"end":{"line":29,"column":null}},"type":"if","locations":[{"start":{"line":29,"column":2},"end":{"line":29,"column":null}},{"start":{},"end":{}}]},"1":{"loc":{"start":{"line":30,"column":17},"end":{"line":30,"column":null}},"type":"cond-expr","locations":[{"start":{"line":30,"column":57},"end":{"line":30,"column":70}},{"start":{"line":30,"column":70},"end":{"line":30,"column":null}}]},"2":{"loc":{"start":{"line":36,"column":2},"end":{"line":36,"column":null}},"type":"if","locations":[{"start":{"line":36,"column":2},"end":{"line":36,"column":null}},{"start":{},"end":{}}]},"3":{"loc":{"start":{"line":38,"column":9},"end":{"line":38,"column":null}},"type":"cond-expr","locations":[{"start":{"line":38,"column":17},"end":{"line":38,"column":48}},{"start":{"line":38,"column":48},"end":{"line":38,"column":null}}]},"4":{"loc":{"start":{"line":42,"column":2},"end":{"line":42,"column":null}},"type":"if","locations":[{"start":{"line":42,"column":2},"end":{"line":42,"column":null}},{"start":{},"end":{}}]},"5":{"loc":{"start":{"line":47,"column":26},"end":{"line":47,"column":72}},"type":"default-arg","locations":[{"start":{"line":47,"column":70},"end":{"line":47,"column":72}}]},"6":{"loc":{"start":{"line":47,"column":49},"end":{"line":47,"column":65}},"type":"default-arg","locations":[{"start":{"line":47,"column":60},"end":{"line":47,"column":65}}]},"7":{"loc":{"start":{"line":49,"column":2},"end":{"line":49,"column":null}},"type":"if","locations":[{"start":{"line":49,"column":2},"end":{"line":49,"column":null}},{"start":{},"end":{}}]},"8":{"loc":{"start":{"line":50,"column":2},"end":{"line":50,"column":null}},"type":"if","locations":[{"start":{"line":50,"column":2},"end":{"line":50,"column":null}},{"start":{},"end":{}}]},"9":{"loc":{"start":{"line":54,"column":30},"end":{"line":54,"column":55}},"type":"default-arg","locations":[{"start":{"line":54,"column":53},"end":{"line":54,"column":55}}]},"10":{"loc":{"start":{"line":54,"column":32},"end":{"line":54,"column":48}},"type":"default-arg","locations":[{"start":{"line":54,"column":43},"end":{"line":54,"column":48}}]},"11":{"loc":{"start":{"line":55,"column":2},"end":{"line":55,"column":null}},"type":"if","locations":[{"start":{"line":55,"column":2},"end":{"line":55,"column":null}},{"start":{},"end":{}}]},"12":{"loc":{"start":{"line":69,"column":2},"end":{"line":69,"column":null}},"type":"if","locations":[{"start":{"line":69,"column":2},"end":{"line":69,"column":null}},{"start":{},"end":{}}]},"13":{"loc":{"start":{"line":80,"column":2},"end":{"line":82,"column":null}},"type":"if","locations":[{"start":{"line":80,"column":2},"end":{"line":82,"column":null}},{"start":{},"end":{}}]}},"s":{"0":4,"1":3,"2":6,"3":7,"4":12,"5":8,"6":16,"7":16,"8":56,"9":24,"10":0,"11":24,"12":24,"13":16,"14":0,"15":16,"16":16,"17":12,"18":0,"19":12,"20":12,"21":12,"22":12,"23":12,"24":5,"25":8,"26":1,"27":7,"28":6,"29":3,"30":7,"31":7,"32":3,"33":4,"34":4,"35":2,"36":4,"37":4,"38":4,"39":12},"f":{"0":56,"1":24,"2":16,"3":12,"4":12,"5":8,"6":6,"7":3,"8":7,"9":4,"10":12},"b":{"0":[0,24],"1":[0,24],"2":[0,16],"3":[10,6],"4":[0,12],"5":[0],"6":[8],"7":[12,0],"8":[5,7],"9":[5],"10":[5],"11":[1,7],"12":[3,4],"13":[4,0]}}
,"D:\\projects\\nextjs\\lib\\session\\constants.js": {"path":"D:\\projects\\nextjs\\lib\\session\\constants.js","statementMap":{"0":{"start":{"line":38,"column":13},"end":{"line":38,"column":28}},"1":{"start":{"line":31,"column":13},"end":{"line":31,"column":24}},"2":{"start":{"line":18,"column":13},"end":{"line":18,"column":27}},"3":{"start":{"line":41,"column":13},"end":{"line":41,"column":29}},"4":{"start":{"line":15,"column":13},"end":{"line":15,"column":27}},"5":{"start":{"line":25,"column":13},"end":{"line":25,"column":24}},"6":{"start":{"line":53,"column":16},"end":{"line":53,"column":24}},"7":{"start":{"line":44,"column":16},"end":{"line":44,"column":29}},"8":{"start":{"line":15,"column":30},"end":{"line":15,"column":null}},"9":{"start":{"line":18,"column":30},"end":{"line":18,"column":null}},"10":{"start":{"line":25,"column":27},"end":{"line":25,"column":null}},"11":{"start":{"line":31,"column":27},"end":{"line":35,"column":null}},"12":{"start":{"line":38,"column":31},"end":{"line":38,"column":null}},"13":{"start":{"line":41,"column":32},"end":{"line":41,"column":null}},"14":{"start":{"line":45,"column":2},"end":{"line":45,"column":null}},"15":{"start":{"line":54,"column":2},"end":{"line":54,"column":null}},"16":{"start":{"line":54,"column":16},"end":{"line":54,"column":null}},"17":{"start":{"line":55,"column":15},"end":{"line":55,"column":null}},"18":{"start":{"line":56,"column":2},"end":{"line":56,"column":null}},"19":{"start":{"line":56,"column":31},"end":{"line":56,"column":null}},"20":{"start":{"line":57,"column":2},"end":{"line":57,"column":null}},"21":{"start":{"line":57,"column":46},"end":{"line":57,"column":null}},"22":{"start":{"line":58,"column":2},"end":{"line":58,"column":null}},"23":{"start":{"line":58,"column":28},"end":{"line":58,"column":null}},"24":{"start":{"line":59,"column":2},"end":{"line":59,"column":null}},"25":{"start":{"line":59,"column":36},"end":{"line":59,"column":null}},"26":{"start":{"line":60,"column":2},"end":{"line":60,"column":null}}},"fnMap":{"0":{"name":"sessionMaxAge","decl":{"start":{"line":44,"column":16},"end":{"line":44,"column":29}},"loc":{"start":{"line":44,"column":38},"end":{"line":46,"column":null}}},"1":{"name":"pickUser","decl":{"start":{"line":53,"column":16},"end":{"line":53,"column":24}},"loc":{"start":{"line":53,"column":47},"end":{"line":61,"column":null}}}},"branchMap":{"0":{"loc":{"start":{"line":45,"column":9},"end":{"line":45,"column":null}},"type":"cond-expr","locations":[{"start":{"line":45,"column":20},"end":{"line":45,"column":39}},{"start":{"line":45,"column":39},"end":{"line":45,"column":null}}]},"1":{"loc":{"start":{"line":54,"column":2},"end":{"line":54,"column":null}},"type":"if","locations":[{"start":{"line":54,"column":2},"end":{"line":54,"column":null}},{"start":{},"end":{}}]},"2":{"loc":{"start":{"line":56,"column":2},"end":{"line":56,"column":null}},"type":"if","locations":[{"start":{"line":56,"column":2},"end":{"line":56,"column":null}},{"start":{},"end":{}}]},"3":{"loc":{"start":{"line":57,"column":2},"end":{"line":57,"column":null}},"type":"if","locations":[{"start":{"line":57,"column":2},"end":{"line":57,"column":null}},{"start":{},"end":{}}]},"4":{"loc":{"start":{"line":57,"column":6},"end":{"line":57,"column":46}},"type":"binary-expr","locations":[{"start":{"line":57,"column":6},"end":{"line":57,"column":31}},{"start":{"line":57,"column":31},"end":{"line":57,"column":46}}]},"5":{"loc":{"start":{"line":57,"column":59},"end":{"line":57,"column":null}},"type":"binary-expr","locations":[{"start":{"line":57,"column":59},"end":{"line":57,"column":72}},{"start":{"line":57,"column":76},"end":{"line":57,"column":null}}]},"6":{"loc":{"start":{"line":58,"column":2},"end":{"line":58,"column":null}},"type":"if","locations":[{"start":{"line":58,"column":2},"end":{"line":58,"column":null}},{"start":{},"end":{}}]},"7":{"loc":{"start":{"line":59,"column":2},"end":{"line":59,"column":null}},"type":"if","locations":[{"start":{"line":59,"column":2},"end":{"line":59,"column":null}},{"start":{},"end":{}}]},"8":{"loc":{"start":{"line":60,"column":9},"end":{"line":60,"column":null}},"type":"cond-expr","locations":[{"start":{"line":60,"column":36},"end":{"line":60,"column":43}},{"start":{"line":60,"column":43},"end":{"line":60,"column":null}}]}},"s":{"0":4,"1":11,"2":31,"3":5,"4":71,"5":52,"6":19,"7":33,"8":22,"9":22,"10":22,"11":22,"12":22,"13":22,"14":33,"15":19,"16":2,"17":17,"18":17,"19":14,"20":17,"21":13,"22":17,"23":11,"24":17,"25":8,"26":17},"f":{"0":33,"1":19},"b":{"0":[4,29],"1":[2,17],"2":[14,3],"3":[13,4],"4":[17,6],"5":[13,2],"6":[11,6],"7":[8,9],"8":[15,2]}}
,"D:\\projects\\nextjs\\lib\\session\\index.js": {"path":"D:\\projects\\nextjs\\lib\\session\\index.js","statementMap":{"0":{"start":{"line":115,"column":0},"end":{"line":115,"column":15}},"1":{"start":{"line":116,"column":9},"end":{"line":116,"column":16}},"2":{"start":{"line":23,"column":25},"end":{"line":23,"column":null}},"3":{"start":{"line":24,"column":31},"end":{"line":24,"column":null}},"4":{"start":{"line":25,"column":47},"end":{"line":25,"column":null}},"5":{"start":{"line":27,"column":16},"end":{"line":27,"column":null}},"6":{"start":{"line":29,"column":16},"end":{"line":113,"column":null}},"7":{"start":{"line":45,"column":4},"end":{"line":48,"column":null}},"8":{"start":{"line":46,"column":6},"end":{"line":46,"column":null}},"9":{"start":{"line":47,"column":6},"end":{"line":47,"column":null}},"10":{"start":{"line":49,"column":4},"end":{"line":53,"column":null}},"11":{"start":{"line":62,"column":4},"end":{"line":62,"column":null}},"12":{"start":{"line":62,"column":39},"end":{"line":62,"column":null}},"13":{"start":{"line":64,"column":4},"end":{"line":78,"column":null}},"14":{"start":{"line":65,"column":6},"end":{"line":71,"column":null}},"15":{"start":{"line":66,"column":20},"end":{"line":66,"column":null}},"16":{"start":{"line":67,"column":21},"end":{"line":67,"column":null}},"17":{"start":{"line":68,"column":8},"end":{"line":68,"column":null}},"18":{"start":{"line":70,"column":8},"end":{"line":70,"column":null}},"19":{"start":{"line":73,"column":6},"end":{"line":77,"column":null}},"20":{"start":{"line":79,"column":4},"end":{"line":79,"column":null}},"21":{"start":{"line":84,"column":4},"end":{"line":84,"column":null}},"22":{"start":{"line":84,"column":17},"end":{"line":84,"column":null}},"23":{"start":{"line":85,"column":4},"end":{"line":85,"column":null}},"24":{"start":{"line":90,"column":4},"end":{"line":90,"column":null}},"25":{"start":{"line":95,"column":4},"end":{"line":95,"column":null}},"26":{"start":{"line":103,"column":4},"end":{"line":103,"column":null}},"27":{"start":{"line":104,"column":4},"end":{"line":104,"column":null}},"28":{"start":{"line":105,"column":4},"end":{"line":111,"column":null}},"29":{"start":{"line":106,"column":6},"end":{"line":110,"column":null}},"30":{"start":{"line":107,"column":8},"end":{"line":107,"column":null}},"31":{"start":{"line":115,"column":15},"end":{"line":115,"column":23}}},"fnMap":{"0":{"name":"(anonymous_6)","decl":{"start":{"line":44,"column":2},"end":{"line":44,"column":8}},"loc":{"start":{"line":44,"column":60},"end":{"line":54,"column":null}}},"1":{"name":"(anonymous_7)","decl":{"start":{"line":61,"column":2},"end":{"line":61,"column":8}},"loc":{"start":{"line":61,"column":29},"end":{"line":80,"column":null}}},"2":{"name":"(anonymous_8)","decl":{"start":{"line":83,"column":2},"end":{"line":83,"column":null}},"loc":{"start":{"line":83,"column":2},"end":{"line":86,"column":null}}},"3":{"name":"(anonymous_9)","decl":{"start":{"line":89,"column":2},"end":{"line":89,"column":null}},"loc":{"start":{"line":89,"column":2},"end":{"line":91,"column":null}}},"4":{"name":"(anonymous_10)","decl":{"start":{"line":94,"column":2},"end":{"line":94,"column":null}},"loc":{"start":{"line":94,"column":2},"end":{"line":96,"column":null}}},"5":{"name":"(anonymous_11)","decl":{"start":{"line":102,"column":2},"end":{"line":102,"column":8}},"loc":{"start":{"line":102,"column":8},"end":{"line":112,"column":null}}}},"branchMap":{"0":{"loc":{"start":{"line":44,"column":8},"end":{"line":44,"column":60}},"type":"default-arg","locations":[{"start":{"line":44,"column":58},"end":{"line":44,"column":60}}]},"1":{"loc":{"start":{"line":44,"column":37},"end":{"line":44,"column":53}},"type":"default-arg","locations":[{"start":{"line":44,"column":48},"end":{"line":44,"column":53}}]},"2":{"loc":{"start":{"line":45,"column":4},"end":{"line":48,"column":null}},"type":"if","locations":[{"start":{"line":45,"column":4},"end":{"line":48,"column":null}},{"start":{},"end":{}}]},"3":{"loc":{"start":{"line":50,"column":12},"end":{"line":50,"column":null}},"type":"binary-expr","locations":[{"start":{"line":50,"column":12},"end":{"line":50,"column":20}},{"start":{"line":50,"column":20},"end":{"line":50,"column":null}}]},"4":{"loc":{"start":{"line":51,"column":13},"end":{"line":51,"column":null}},"type":"cond-expr","locations":[{"start":{"line":51,"column":23},"end":{"line":51,"column":30}},{"start":{"line":51,"column":30},"end":{"line":51,"column":null}}]},"5":{"loc":{"start":{"line":51,"column":30},"end":{"line":51,"column":null}},"type":"binary-expr","locations":[{"start":{"line":51,"column":30},"end":{"line":51,"column":39}},{"start":{"line":51,"column":39},"end":{"line":51,"column":null}}]},"6":{"loc":{"start":{"line":61,"column":16},"end":{"line":61,"column":29}},"type":"default-arg","locations":[{"start":{"line":61,"column":24},"end":{"line":61,"column":29}}]},"7":{"loc":{"start":{"line":62,"column":4},"end":{"line":62,"column":null}},"type":"if","locations":[{"start":{"line":62,"column":4},"end":{"line":62,"column":null}},{"start":{},"end":{}}]},"8":{"loc":{"start":{"line":62,"column":8},"end":{"line":62,"column":39}},"type":"binary-expr","locations":[{"start":{"line":62,"column":8},"end":{"line":62,"column":27}},{"start":{"line":62,"column":31},"end":{"line":62,"column":39}}]},"9":{"loc":{"start":{"line":64,"column":4},"end":{"line":78,"column":null}},"type":"if","locations":[{"start":{"line":64,"column":4},"end":{"line":78,"column":null}},{"start":{"line":72,"column":11},"end":{"line":78,"column":null}}]},"10":{"loc":{"start":{"line":67,"column":21},"end":{"line":67,"column":null}},"type":"cond-expr","locations":[{"start":{"line":67,"column":30},"end":{"line":67,"column":49}},{"start":{"line":67,"column":49},"end":{"line":67,"column":null}}]},"11":{"loc":{"start":{"line":68,"column":25},"end":{"line":68,"column":45}},"type":"binary-expr","locations":[{"start":{"line":68,"column":25},"end":{"line":68,"column":39}},{"start":{"line":68,"column":39},"end":{"line":68,"column":45}}]},"12":{"loc":{"start":{"line":84,"column":4},"end":{"line":84,"column":null}},"type":"if","locations":[{"start":{"line":84,"column":4},"end":{"line":84,"column":null}},{"start":{},"end":{}}]},"13":{"loc":{"start":{"line":85,"column":11},"end":{"line":85,"column":null}},"type":"binary-expr","locations":[{"start":{"line":85,"column":11},"end":{"line":85,"column":27}},{"start":{"line":85,"column":31},"end":{"line":85,"column":null}}]},"14":{"loc":{"start":{"line":105,"column":4},"end":{"line":111,"column":null}},"type":"if","locations":[{"start":{"line":105,"column":4},"end":{"line":111,"column":null}},{"start":{},"end":{}}]},"15":{"loc":{"start":{"line":105,"column":8},"end":{"line":105,"column":50}},"type":"binary-expr","locations":[{"start":{"line":105,"column":8},"end":{"line":105,"column":19}},{"start":{"line":105,"column":19},"end":{"line":105,"column":50}}]}},"s":{"0":15,"1":0,"2":15,"3":15,"4":15,"5":15,"6":15,"7":7,"8":3,"9":3,"10":7,"11":7,"12":1,"13":6,"14":5,"15":5,"16":4,"17":4,"18":1,"19":1,"20":6,"21":3,"22":1,"23":2,"24":0,"25":2,"26":2,"27":2,"28":2,"29":1,"30":1,"31":15},"f":{"0":7,"1":7,"2":3,"3":0,"4":2,"5":2},"b":{"0":[0],"1":[7],"2":[3,4],"3":[7,0],"4":[4,3],"5":[3,0],"6":[6],"7":[1,6],"8":[7,2],"9":[5,1],"10":[3,1],"11":[4,1],"12":[1,2],"13":[2,1],"14":[1,1],"15":[2,1]}}
,"D:\\projects\\nextjs\\lib\\session\\memory.js": {"path":"D:\\projects\\nextjs\\lib\\session\\memory.js","statementMap":{"0":{"start":{"line":37,"column":16},"end":{"line":37,"column":26}},"1":{"start":{"line":26,"column":16},"end":{"line":26,"column":24}},"2":{"start":{"line":31,"column":16},"end":{"line":31,"column":24}},"3":{"start":{"line":45,"column":16},"end":{"line":45,"column":25}},"4":{"start":{"line":17,"column":12},"end":{"line":21,"column":null}},"5":{"start":{"line":23,"column":18},"end":{"line":23,"column":null}},"6":{"start":{"line":27,"column":2},"end":{"line":27,"column":null}},"7":{"start":{"line":32,"column":2},"end":{"line":32,"column":null}},"8":{"start":{"line":33,"column":2},"end":{"line":33,"column":null}},"9":{"start":{"line":33,"column":34},"end":{"line":33,"column":null}},"10":{"start":{"line":38,"column":2},"end":{"line":38,"column":null}},"11":{"start":{"line":46,"column":2},"end":{"line":46,"column":null}},"12":{"start":{"line":47,"column":2},"end":{"line":47,"column":null}},"13":{"start":{"line":47,"column":15},"end":{"line":47,"column":null}}},"fnMap":{"0":{"name":"getState","decl":{"start":{"line":26,"column":16},"end":{"line":26,"column":24}},"loc":{"start":{"line":26,"column":16},"end":{"line":28,"column":null}}},"1":{"name":"setState","decl":{"start":{"line":31,"column":16},"end":{"line":31,"column":24}},"loc":{"start":{"line":31,"column":30},"end":{"line":34,"column":null}}},"2":{"name":"(anonymous_7)","decl":{"start":{"line":33,"column":20},"end":{"line":33,"column":21}},"loc":{"start":{"line":33,"column":34},"end":{"line":33,"column":null}}},"3":{"name":"clearState","decl":{"start":{"line":37,"column":16},"end":{"line":37,"column":26}},"loc":{"start":{"line":37,"column":16},"end":{"line":39,"column":null}}},"4":{"name":"subscribe","decl":{"start":{"line":45,"column":16},"end":{"line":45,"column":25}},"loc":{"start":{"line":45,"column":34},"end":{"line":48,"column":null}}},"5":{"name":"(anonymous_10)","decl":{"start":{"line":47,"column":9},"end":{"line":47,"column":15}},"loc":{"start":{"line":47,"column":15},"end":{"line":47,"column":null}}}},"branchMap":{},"s":{"0":4,"1":50,"2":32,"3":8,"4":23,"5":23,"6":44,"7":36,"8":36,"9":10,"10":4,"11":8,"12":8,"13":5},"f":{"0":44,"1":36,"2":10,"3":4,"4":8,"5":5},"b":{}}
}
