TN:
SF:app\api\[...path]\route.js
FN:48,proxy
FN:123,(anonymous_9)
FNF:2
FNH:2
FNDA:8,proxy
FNDA:4,(anonymous_9)
DA:1,1
DA:2,1
DA:6,1
DA:41,1
DA:43,1
DA:46,1
DA:50,8
DA:51,8
DA:54,8
DA:57,8
DA:58,8
DA:59,8
DA:60,8
DA:64,8
DA:65,8
DA:66,1
DA:69,8
DA:76,8
DA:77,8
DA:81,3
DA:82,3
DA:83,3
DA:84,3
DA:85,3
DA:86,3
DA:95,8
DA:96,8
DA:98,1
DA:105,7
DA:106,7
DA:107,7
DA:108,7
DA:112,7
DA:113,3
DA:114,3
DA:116,3
DA:117,3
DA:119,0
DA:121,3
DA:122,2
DA:123,4
DA:124,2
DA:128,2
DA:129,2
DA:132,1
DA:141,4
DA:143,4
DA:149,5
DA:150,3
DA:151,1
DA:152,1
DA:153,1
DA:154,1
LF:53
LH:52
BRDA:54,0,0,8
BRDA:54,0,1,3
BRDA:65,1,0,1
BRDA:65,1,1,7
BRDA:65,2,0,8
BRDA:65,2,1,2
BRDA:77,3,0,3
BRDA:77,3,1,5
BRDA:82,4,0,3
BRDA:82,4,1,0
BRDA:84,5,0,3
BRDA:84,5,1,0
BRDA:112,6,0,3
BRDA:112,6,1,4
BRDA:112,7,0,7
BRDA:112,7,1,3
BRDA:113,8,0,3
BRDA:113,8,1,0
BRDA:114,9,0,3
BRDA:114,9,1,0
BRDA:121,10,0,2
BRDA:121,10,1,1
BRDA:121,11,0,3
BRDA:121,11,1,3
BRDA:132,12,0,1
BRDA:132,12,1,0
BRF:26
BRH:21
end_of_record
TN:
SF:app\api\session\route.js
FN:24,GET
FN:31,destroy
FNF:2
FNH:2
FNDA:2,GET
FNDA:2,destroy
DA:1,1
DA:6,1
DA:22,1
DA:24,2
DA:25,2
DA:32,2
DA:33,2
DA:34,2
DA:37,1
DA:38,1
LF:10
LH:10
BRF:0
BRH:0
end_of_record
TN:
SF:lib\api\client.js
FN:24,(anonymous_4)
FNF:1
FNH:1
FNDA:3,(anonymous_4)
DA:1,5
DA:2,5
DA:3,5
DA:15,5
DA:17,5
DA:24,5
DA:25,3
DA:30,3
DA:31,3
DA:32,1
DA:34,3
DA:37,5
LF:12
LH:12
BRDA:15,0,0,2
BRDA:15,0,1,3
BRDA:25,1,0,0
BRDA:25,1,1,3
BRDA:31,2,0,1
BRDA:31,2,1,2
BRF:6
BRH:5
end_of_record
TN:
SF:lib\server\session.js
FN:30,baseOptions
FN:54,writeSessionCookies
FN:73,clearSessionCookies
FN:74,(anonymous_9)
FN:81,readSessionToken
FN:86,readSessionUser
FN:97,hasSession
FNF:7
FNH:7
FNDA:11,baseOptions
FNDA:12,writeSessionCookies
FNDA:3,clearSessionCookies
FNDA:9,(anonymous_9)
FNDA:14,readSessionToken
FNDA:6,readSessionUser
FNDA:4,hasSession
DA:25,4
DA:27,4
DA:31,11
DA:54,12
DA:55,12
DA:56,11
DA:57,11
DA:59,11
DA:60,11
DA:62,11
DA:63,9
DA:65,11
DA:66,11
DA:67,10
DA:69,11
DA:73,3
DA:74,3
DA:75,9
DA:77,3
DA:81,10
DA:82,14
DA:86,6
DA:87,6
DA:88,6
DA:89,4
DA:90,4
DA:92,2
DA:97,4
DA:98,4
LF:29
LH:29
BRDA:54,0,0,7
BRDA:54,1,0,8
BRDA:55,2,0,1
BRDA:55,2,1,11
BRDA:59,3,0,11
BRDA:59,3,1,0
BRDA:62,4,0,9
BRDA:62,4,1,2
BRDA:66,5,0,10
BRDA:66,5,1,1
BRDA:82,6,0,14
BRDA:82,6,1,9
BRDA:88,7,0,2
BRDA:88,7,1,4
BRF:14
BRH:13
end_of_record
TN:
SF:lib\session\SessionProvider.jsx
FN:22,SessionProvider
FN:25,(anonymous_5)
FN:33,(anonymous_6)
FN:37,(anonymous_7)
FN:41,(anonymous_8)
FN:58,useSession
FNF:6
FNH:5
FNDA:10,SessionProvider
FNDA:4,(anonymous_5)
FNDA:1,(anonymous_6)
FNDA:1,(anonymous_7)
FNDA:0,(anonymous_8)
FNDA:15,useSession
DA:16,1
DA:17,1
DA:18,1
DA:20,1
DA:22,4
DA:23,10
DA:25,10
DA:27,4
DA:29,4
DA:30,4
DA:33,10
DA:34,1
DA:37,10
DA:38,1
DA:41,10
DA:43,10
DA:58,15
DA:59,15
DA:60,14
DA:61,4
DA:63,10
LF:21
LH:21
BRDA:60,0,0,4
BRDA:60,0,1,10
BRF:2
BRH:2
end_of_record
TN:
SF:lib\session\client.js
FN:26,(anonymous_7)
FN:28,setCookie
FN:35,getCookie
FN:41,deleteCookie
FN:47,setTokens
FN:54,setUser
FN:59,getToken
FN:63,getRefreshToken
FN:67,getUser
FN:78,clear
FN:81,(anonymous_17)
FNF:11
FNH:11
FNDA:56,(anonymous_7)
FNDA:24,setCookie
FNDA:16,getCookie
FNDA:12,deleteCookie
FNDA:12,setTokens
FNDA:8,setUser
FNDA:6,getToken
FNDA:3,getRefreshToken
FNDA:7,getUser
FNDA:4,clear
FNDA:12,(anonymous_17)
DA:24,16
DA:26,56
DA:29,24
DA:30,24
DA:31,24
DA:36,16
DA:37,16
DA:38,16
DA:42,12
DA:43,12
DA:47,12
DA:48,12
DA:49,12
DA:50,12
DA:54,8
DA:55,8
DA:56,7
DA:59,6
DA:60,6
DA:63,3
DA:64,3
DA:67,7
DA:68,7
DA:69,7
DA:70,4
DA:71,4
DA:73,2
DA:78,4
DA:79,4
DA:80,4
DA:81,12
LF:31
LH:31
BRDA:29,0,0,0
BRDA:29,0,1,24
BRDA:30,1,0,0
BRDA:30,1,1,24
BRDA:36,2,0,0
BRDA:36,2,1,16
BRDA:38,3,0,10
BRDA:38,3,1,6
BRDA:42,4,0,0
BRDA:42,4,1,12
BRDA:47,5,0,0
BRDA:47,6,0,8
BRDA:49,7,0,12
BRDA:49,7,1,0
BRDA:50,8,0,5
BRDA:50,8,1,7
BRDA:54,9,0,5
BRDA:54,10,0,5
BRDA:55,11,0,1
BRDA:55,11,1,7
BRDA:69,12,0,3
BRDA:69,12,1,4
BRDA:80,13,0,4
BRDA:80,13,1,0
BRF:24
BRH:17
end_of_record
TN:
SF:lib\session\constants.js
FN:44,sessionMaxAge
FN:53,pickUser
FNF:2
FNH:2
FNDA:33,sessionMaxAge
FNDA:19,pickUser
DA:15,71
DA:18,31
DA:25,52
DA:31,22
DA:38,22
DA:41,22
DA:44,33
DA:45,33
DA:53,19
DA:54,19
DA:55,17
DA:56,17
DA:57,17
DA:58,17
DA:59,17
DA:60,17
LF:16
LH:16
BRDA:45,0,0,4
BRDA:45,0,1,29
BRDA:54,1,0,2
BRDA:54,1,1,17
BRDA:56,2,0,14
BRDA:56,2,1,3
BRDA:57,3,0,13
BRDA:57,3,1,4
BRDA:57,4,0,17
BRDA:57,4,1,6
BRDA:57,5,0,13
BRDA:57,5,1,2
BRDA:58,6,0,11
BRDA:58,6,1,6
BRDA:59,7,0,8
BRDA:59,7,1,9
BRDA:60,8,0,15
BRDA:60,8,1,2
BRF:18
BRH:18
end_of_record
TN:
SF:lib\session\index.js
FN:44,(anonymous_6)
FN:61,(anonymous_7)
FN:83,(anonymous_8)
FN:89,(anonymous_9)
FN:94,(anonymous_10)
FN:102,(anonymous_11)
FNF:6
FNH:5
FNDA:7,(anonymous_6)
FNDA:7,(anonymous_7)
FNDA:3,(anonymous_8)
FNDA:0,(anonymous_9)
FNDA:2,(anonymous_10)
FNDA:2,(anonymous_11)
DA:23,15
DA:24,15
DA:25,15
DA:27,15
DA:29,15
DA:45,7
DA:46,3
DA:47,3
DA:49,7
DA:62,7
DA:64,6
DA:65,5
DA:66,5
DA:67,4
DA:68,4
DA:70,1
DA:73,1
DA:79,6
DA:84,3
DA:85,2
DA:90,0
DA:95,2
DA:103,2
DA:104,2
DA:105,2
DA:106,1
DA:107,1
DA:115,15
DA:116,0
LF:29
LH:27
BRDA:44,0,0,0
BRDA:44,1,0,7
BRDA:45,2,0,3
BRDA:45,2,1,4
BRDA:50,3,0,7
BRDA:50,3,1,0
BRDA:51,4,0,4
BRDA:51,4,1,3
BRDA:51,5,0,3
BRDA:51,5,1,0
BRDA:61,6,0,6
BRDA:62,7,0,1
BRDA:62,7,1,6
BRDA:62,8,0,7
BRDA:62,8,1,2
BRDA:64,9,0,5
BRDA:64,9,1,1
BRDA:67,10,0,3
BRDA:67,10,1,1
BRDA:68,11,0,4
BRDA:68,11,1,1
BRDA:84,12,0,1
BRDA:84,12,1,2
BRDA:85,13,0,2
BRDA:85,13,1,1
BRDA:105,14,0,1
BRDA:105,14,1,1
BRDA:105,15,0,2
BRDA:105,15,1,1
BRF:29
BRH:26
end_of_record
TN:
SF:lib\session\memory.js
FN:26,getState
FN:31,setState
FN:33,(anonymous_7)
FN:37,clearState
FN:45,subscribe
FN:47,(anonymous_10)
FNF:6
FNH:6
FNDA:44,getState
FNDA:36,setState
FNDA:10,(anonymous_7)
FNDA:4,clearState
FNDA:8,subscribe
FNDA:5,(anonymous_10)
DA:17,23
DA:23,23
DA:26,50
DA:27,44
DA:31,32
DA:32,36
DA:33,36
DA:37,4
DA:38,4
DA:45,8
DA:46,8
DA:47,8
LF:12
LH:12
BRF:0
BRH:0
end_of_record
